{"uuid":"2815f5c0-677d-44b0-b632-650dd8dae3b1","historyId":"9a958464e33c88ed42e78518b7345c2e","fullName":"com.qa.opencart.tests.LoginPageTest.loginPageURLTest","labels":[{"name":"package","value":"com.qa.opencart.tests.LoginPageTest"},{"name":"testClass","value":"com.qa.opencart.tests.LoginPageTest"},{"name":"testMethod","value":"loginPageURLTest"},{"name":"parentSuite","value":"OpenCart suite"},{"name":"suite","value":"Login Page Test_chrome"},{"name":"subSuite","value":"com.qa.opencart.tests.LoginPageTest"},{"name":"host","value":"DESKTOP-7KJTV22"},{"name":"thread","value":"15408@DESKTOP-7KJTV22.TestNG-tests-1(20)"},{"name":"framework","value":"testng"},{"name":"language","value":"java"}],"links":[],"name":"loginPageURLTest","status":"skipped","statusDetails":{"known":false,"muted":false,"flaky":false,"message":"Could not start a new session. Possible causes are invalid address of the remote server or browser start-up failure. \nHost info: host: 'DESKTOP-7KJTV22', ip: '192.168.1.5'","trace":"org.openqa.selenium.SessionNotCreatedException: Could not start a new session. Possible causes are invalid address of the remote server or browser start-up failure. \nHost info: host: 'DESKTOP-7KJTV22', ip: '192.168.1.5'\r\n\tat org.openqa.selenium.remote.RemoteWebDriver.execute(RemoteWebDriver.java:563)\r\n\tat org.openqa.selenium.remote.RemoteWebDriver.startSession(RemoteWebDriver.java:245)\r\n\tat org.openqa.selenium.remote.RemoteWebDriver.<init>(RemoteWebDriver.java:174)\r\n\tat org.openqa.selenium.remote.RemoteWebDriver.<init>(RemoteWebDriver.java:152)\r\n\tat com.qa.opencart.factory.DriverFactory.initRemoteDriver(DriverFactory.java:114)\r\n\tat com.qa.opencart.factory.DriverFactory.initDriver(DriverFactory.java:42)\r\n\tat com.qa.opencart.base.BaseTest.setup(BaseTest.java:32)\r\n\tat java.base/jdk.internal.reflect.NativeMethodAccessorImpl.invoke0(Native Method)\r\n\tat java.base/jdk.internal.reflect.NativeMethodAccessorImpl.invoke(NativeMethodAccessorImpl.java:77)\r\n\tat java.base/jdk.internal.reflect.DelegatingMethodAccessorImpl.invoke(DelegatingMethodAccessorImpl.java:43)\r\n\tat java.base/java.lang.reflect.Method.invoke(Method.java:568)\r\n\tat org.testng.internal.invokers.MethodInvocationHelper.invokeMethod(MethodInvocationHelper.java:141)\r\n\tat org.testng.internal.invokers.MethodInvocationHelper.invokeMethodConsideringTimeout(MethodInvocationHelper.java:71)\r\n\tat org.testng.internal.invokers.ConfigInvoker.invokeConfigurationMethod(ConfigInvoker.java:400)\r\n\tat org.testng.internal.invokers.ConfigInvoker.invokeConfigurations(ConfigInvoker.java:333)\r\n\tat org.testng.TestRunner.invokeTestConfigurations(TestRunner.java:657)\r\n\tat org.testng.TestRunner.beforeRun(TestRunner.java:646)\r\n\tat org.testng.TestRunner.run(TestRunner.java:612)\r\n\tat org.testng.SuiteRunner.runTest(SuiteRunner.java:421)\r\n\tat org.testng.SuiteRunner$SuiteWorker.run(SuiteRunner.java:463)\r\n\tat org.testng.internal.thread.ThreadUtil.lambda$execute$0(ThreadUtil.java:64)\r\n\tat java.base/java.util.concurrent.FutureTask.run(FutureTask.java:264)\r\n\tat java.base/java.util.concurrent.ThreadPoolExecutor.runWorker(ThreadPoolExecutor.java:1136)\r\n\tat java.base/java.util.concurrent.ThreadPoolExecutor$Worker.run(ThreadPoolExecutor.java:635)\r\n\tat java.base/java.lang.Thread.run(Thread.java:842)\r\nCaused by: org.openqa.selenium.TimeoutException: java.util.concurrent.TimeoutException\nBuild info: version: '4.31.0', revision: '1ef9f18787*'\nSystem info: os.name: 'Windows 11', os.arch: 'amd64', os.version: '10.0', java.version: '17.0.12'\nDriver info: driver.version: RemoteWebDriver\r\n\tat org.openqa.selenium.remote.http.jdk.JdkHttpClient.execute(JdkHttpClient.java:424)\r\n\tat org.openqa.selenium.remote.tracing.TracedHttpClient.execute(TracedHttpClient.java:54)\r\n\tat org.openqa.selenium.remote.ProtocolHandshake.createSession(ProtocolHandshake.java:89)\r\n\tat org.openqa.selenium.remote.ProtocolHandshake.createSession(ProtocolHandshake.java:75)\r\n\tat org.openqa.selenium.remote.ProtocolHandshake.createSession(ProtocolHandshake.java:61)\r\n\tat org.openqa.selenium.remote.HttpCommandExecutor.execute(HttpCommandExecutor.java:187)\r\n\tat org.openqa.selenium.remote.TracedCommandExecutor.execute(TracedCommandExecutor.java:53)\r\n\tat org.openqa.selenium.remote.RemoteWebDriver.execute(RemoteWebDriver.java:545)\r\n\t... 24 more\r\nCaused by: java.util.concurrent.TimeoutException\r\n\tat java.base/java.util.concurrent.CompletableFuture$Timeout.run(CompletableFuture.java:2874)\r\n\tat java.base/java.util.concurrent.Executors$RunnableAdapter.call(Executors.java:539)\r\n\tat java.base/java.util.concurrent.FutureTask.run(FutureTask.java:264)\r\n\tat java.base/java.util.concurrent.ScheduledThreadPoolExecutor$ScheduledFutureTask.run(ScheduledThreadPoolExecutor.java:304)\r\n\t... 3 more\r\n"},"stage":"finished","steps":[],"attachments":[],"parameters":[{"name":"testname","value":"Login Page Test"},{"name":"browserversion","value":"126.0"},{"name":"browser","value":"chrome"}],"start":1746255925801,"stop":1746255925801}