{"uuid":"54834f76-2784-48c9-9f94-10ed0470cbdf","historyId":"81f0fa5189f34d7a3507f4add58ceab3","fullName":"com.qa.opencart.tests.LoginPageTest.loginPageURLTest","labels":[{"name":"package","value":"com.qa.opencart.tests.LoginPageTest"},{"name":"testClass","value":"com.qa.opencart.tests.LoginPageTest"},{"name":"testMethod","value":"loginPageURLTest"},{"name":"parentSuite","value":"OpenCart suite"},{"name":"suite","value":"Login Page Test_chrome"},{"name":"subSuite","value":"com.qa.opencart.tests.LoginPageTest"},{"name":"host","value":"DESKTOP-7KJTV22"},{"name":"thread","value":"15332@DESKTOP-7KJTV22.TestNG-tests-1(19)"},{"name":"framework","value":"testng"},{"name":"language","value":"java"}],"links":[],"name":"loginPageURLTest","status":"skipped","statusDetails":{"known":false,"muted":false,"flaky":false,"message":"Could not start a new session. Possible causes are invalid address of the remote server or browser start-up failure. \nHost info: host: 'DESKTOP-7KJTV22', ip: '192.168.1.5'\nBuild info: version: '4.31.0', revision: '1ef9f18787*'\nSystem info: os.name: 'Windows 11', os.arch: 'amd64', os.version: '10.0', java.version: '17.0.12'\nDriver info: org.openqa.selenium.remote.RemoteWebDriver\nCommand: [null, newSession {capabilities=[Capabilities {browserName: chrome, browserVersion: 126.0, browsername: chrome, goog:chromeOptions: {args: [--incognito], extensions: []}, selenoid:options: {enableVNC: true, name: null, screenResolution: 1280x1024x24}}]}]\nCapabilities {browserName: chrome, browserVersion: 126.0, browsername: chrome, goog:chromeOptions: {args: [--incognito], extensions: []}, selenoid:options: {enableVNC: true, name: null, screenResolution: 1280x1024x24}}","trace":"org.openqa.selenium.SessionNotCreatedException: Could not start a new session. Possible causes are invalid address of the remote server or browser start-up failure. \nHost info: host: 'DESKTOP-7KJTV22', ip: '192.168.1.5'\nBuild info: version: '4.31.0', revision: '1ef9f18787*'\nSystem info: os.name: 'Windows 11', os.arch: 'amd64', os.version: '10.0', java.version: '17.0.12'\nDriver info: org.openqa.selenium.remote.RemoteWebDriver\nCommand: [null, newSession {capabilities=[Capabilities {browserName: chrome, browserVersion: 126.0, browsername: chrome, goog:chromeOptions: {args: [--incognito], extensions: []}, selenoid:options: {enableVNC: true, name: null, screenResolution: 1280x1024x24}}]}]\nCapabilities {browserName: chrome, browserVersion: 126.0, browsername: chrome, goog:chromeOptions: {args: [--incognito], extensions: []}, selenoid:options: {enableVNC: true, name: null, screenResolution: 1280x1024x24}}\r\n\tat org.openqa.selenium.remote.RemoteWebDriver.execute(RemoteWebDriver.java:563)\r\n\tat org.openqa.selenium.remote.RemoteWebDriver.startSession(RemoteWebDriver.java:245)\r\n\tat org.openqa.selenium.remote.RemoteWebDriver.<init>(RemoteWebDriver.java:174)\r\n\tat org.openqa.selenium.remote.RemoteWebDriver.<init>(RemoteWebDriver.java:152)\r\n\tat com.qa.opencart.factory.DriverFactory.initRemoteDriver(DriverFactory.java:114)\r\n\tat com.qa.opencart.factory.DriverFactory.initDriver(DriverFactory.java:42)\r\n\tat com.qa.opencart.base.BaseTest.setup(BaseTest.java:31)\r\n\tat java.base/jdk.internal.reflect.NativeMethodAccessorImpl.invoke0(Native Method)\r\n\tat java.base/jdk.internal.reflect.NativeMethodAccessorImpl.invoke(NativeMethodAccessorImpl.java:77)\r\n\tat java.base/jdk.internal.reflect.DelegatingMethodAccessorImpl.invoke(DelegatingMethodAccessorImpl.java:43)\r\n\tat java.base/java.lang.reflect.Method.invoke(Method.java:568)\r\n\tat org.testng.internal.invokers.MethodInvocationHelper.invokeMethod(MethodInvocationHelper.java:141)\r\n\tat org.testng.internal.invokers.MethodInvocationHelper.invokeMethodConsideringTimeout(MethodInvocationHelper.java:71)\r\n\tat org.testng.internal.invokers.ConfigInvoker.invokeConfigurationMethod(ConfigInvoker.java:400)\r\n\tat org.testng.internal.invokers.ConfigInvoker.invokeConfigurations(ConfigInvoker.java:333)\r\n\tat org.testng.TestRunner.invokeTestConfigurations(TestRunner.java:657)\r\n\tat org.testng.TestRunner.beforeRun(TestRunner.java:646)\r\n\tat org.testng.TestRunner.run(TestRunner.java:612)\r\n\tat org.testng.SuiteRunner.runTest(SuiteRunner.java:421)\r\n\tat org.testng.SuiteRunner$SuiteWorker.run(SuiteRunner.java:463)\r\n\tat org.testng.internal.thread.ThreadUtil.lambda$execute$0(ThreadUtil.java:64)\r\n\tat java.base/java.util.concurrent.FutureTask.run(FutureTask.java:264)\r\n\tat java.base/java.util.concurrent.ThreadPoolExecutor.runWorker(ThreadPoolExecutor.java:1136)\r\n\tat java.base/java.util.concurrent.ThreadPoolExecutor$Worker.run(ThreadPoolExecutor.java:635)\r\n\tat java.base/java.lang.Thread.run(Thread.java:842)\r\nCaused by: java.lang.IllegalArgumentException: Illegal key values seen in w3c capabilities: [browsername]\r\n\tat org.openqa.selenium.remote.NewSessionPayload.lambda$validate$5(NewSessionPayload.java:163)\r\n\tat java.base/java.util.stream.ReferencePipeline$15$1.accept(ReferencePipeline.java:540)\r\n\tat java.base/java.util.stream.ReferencePipeline$15$1.accept(ReferencePipeline.java:541)\r\n\tat java.base/java.util.stream.ReferencePipeline$3$1.accept(ReferencePipeline.java:197)\r\n\tat java.base/java.util.stream.ReferencePipeline$15$1.accept(ReferencePipeline.java:541)\r\n\tat java.base/java.util.ArrayList$ArrayListSpliterator.forEachRemaining(ArrayList.java:1625)\r\n\tat java.base/java.util.stream.AbstractPipeline.copyInto(AbstractPipeline.java:509)\r\n\tat java.base/java.util.stream.AbstractPipeline.wrapAndCopyInto(AbstractPipeline.java:499)\r\n\tat java.base/java.util.stream.ForEachOps$ForEachOp.evaluateSequential(ForEachOps.java:150)\r\n\tat java.base/java.util.stream.ForEachOps$ForEachOp$OfRef.evaluateSequential(ForEachOps.java:173)\r\n\tat java.base/java.util.stream.AbstractPipeline.evaluate(AbstractPipeline.java:234)\r\n\tat java.base/java.util.stream.ReferencePipeline.forEach(ReferencePipeline.java:596)\r\n\tat org.openqa.selenium.remote.NewSessionPayload.validate(NewSessionPayload.java:167)\r\n\tat org.openqa.selenium.remote.NewSessionPayload.<init>(NewSessionPayload.java:70)\r\n\tat org.openqa.selenium.remote.NewSessionPayload.create(NewSessionPayload.java:99)\r\n\tat org.openqa.selenium.remote.NewSessionPayload.create(NewSessionPayload.java:84)\r\n\tat org.openqa.selenium.remote.ProtocolHandshake.createSession(ProtocolHandshake.java:60)\r\n\tat org.openqa.selenium.remote.HttpCommandExecutor.execute(HttpCommandExecutor.java:187)\r\n\tat org.openqa.selenium.remote.TracedCommandExecutor.execute(TracedCommandExecutor.java:53)\r\n\tat org.openqa.selenium.remote.RemoteWebDriver.execute(RemoteWebDriver.java:545)\r\n\t... 24 more\r\n"},"stage":"finished","steps":[],"attachments":[],"parameters":[{"name":"browserversion","value":"126.0"},{"name":"browser","value":"chrome"}],"start":1746255178853,"stop":1746255178856}